2025-04-26 05:36:59,070 - INFO - Запуск приложения кинотеатра
2025-04-26 05:36:59,073 - INFO - Action: Кинотеатр инициализирован
2025-04-26 05:36:59,075 - INFO - Фильмы созданы
2025-04-26 05:36:59,076 - INFO - Action: Добавлен фильм: Mad Max
2025-04-26 05:36:59,077 - INFO - Action: Добавлен фильм: Superbad
2025-04-26 05:36:59,077 - INFO - Action: Добавлен фильм: The Godfather
2025-04-26 05:36:59,078 - INFO - Action: Создан сеанс s1 для Mad Max
2025-04-26 05:36:59,079 - INFO - Action: Создан сеанс s2 для Superbad
2025-04-26 05:36:59,080 - INFO - Action: Добавлен сеанс: s1
2025-04-26 05:36:59,080 - INFO - Action: Добавлен сеанс: s2
2025-04-26 05:36:59,081 - INFO - Проверка доступности (онлайн): Доступно
2025-04-26 05:36:59,082 - INFO - Action: Билет продан на сеанс s1
2025-04-26 05:36:59,083 - INFO - Notification: Ваш билет на фильм Mad Max готов
2025-04-26 05:36:59,083 - INFO - Онлайн-бронирование подтверждено для сеанса s1
2025-04-26 05:36:59,084 - INFO - Проверка доступности (оффлайн): Доступно
2025-04-26 05:36:59,086 - INFO - Action: Билет продан на сеанс s2
2025-04-26 05:36:59,087 - INFO - Notification: Ваш билет на фильм Superbad готов
2025-04-26 05:36:59,088 - INFO - Оффлайн-бронирование подтверждено для сеанса s2
2025-04-26 05:36:59,089 - INFO - Action: Билет возвращен для сеанса s1
2025-04-26 05:36:59,092 - INFO - Notification: Билет на сеанс s1 возвращен
2025-04-26 05:36:59,093 - INFO - Возврат одобрен менеджером для сеанса s1
2025-04-26 05:36:59,095 - INFO - Action: Попытка возврата билета на сеанс s1: Успешно
2025-04-26 05:36:59,096 - INFO - Action: Поиск фильмов по запросу: Mad, найдено: 1
2025-04-26 05:36:59,099 - INFO - Action: Данные сохранены в cinema_data.json
2025-04-26 05:36:59,100 - INFO - Приложение завершило выполнение
